Breakpoint 1 at 0x8bc: file buggy.c, line 10.
Starting program: /home/jjeongseo/lab4/a.out 
[Thread debugging using libthread_db enabled]
Using host libthread_db library "/lib/aarch64-linux-gnu/libthread_db.so.1".

Breakpoint 1, main (argc=1, argv=0xfffffffff058) at buggy.c:10
10		for (i = 0; i < 10000; ++i){
11			x[i] = i;
$1 = 0
$2 = -134436144
1: i = 0
2: x[i] = -134436144
6	int main(int argc, char* argv[]){
7		int i, j, k;
8		int x[1000];
9	
10		for (i = 0; i < 10000; ++i){
11			x[i] = i;
12		}
13	
14		printf("Enter integer in 0..9999: ");
15		scanf("%d", &k);
Continuing.

Program received signal SIGSEGV, Segmentation fault.
0x0000aaaaaaaa08d4 in main (argc=1, argv=0xfffffffff058) at buggy.c:11
11			x[i] = i;
1: i = 2098
2: x[i] = <error: Cannot access memory at address 0x1000000000000>
